              :-) GROMACS - gmx mdrun, 2020.1-Ubuntu-2020.1-1 (-:

                            GROMACS is written by:
     Emile Apol      Rossen Apostolov      Paul Bauer     Herman J.C. Berendsen
    Par Bjelkmar      Christian Blau   Viacheslav Bolnykh     Kevin Boyd    
 Aldert van Buuren   Rudi van Drunen     Anton Feenstra       Alan Gray     
  Gerrit Groenhof     Anca Hamuraru    Vincent Hindriksen  M. Eric Irrgang  
  Aleksei Iupinov   Christoph Junghans     Joe Jordan     Dimitrios Karkoulis
    Peter Kasson        Jiri Kraus      Carsten Kutzner      Per Larsson    
  Justin A. Lemkul    Viveca Lindahl    Magnus Lundborg     Erik Marklund   
    Pascal Merz     Pieter Meulenhoff    Teemu Murtola       Szilard Pall   
    Sander Pronk      Roland Schulz      Michael Shirts    Alexey Shvetsov  
   Alfons Sijbers     Peter Tieleman      Jon Vincent      Teemu Virolainen 
 Christian Wennberg    Maarten Wolf      Artem Zhmurov   
                           and the project leaders:
        Mark Abraham, Berk Hess, Erik Lindahl, and David van der Spoel

Copyright (c) 1991-2000, University of Groningen, The Netherlands.
Copyright (c) 2001-2019, The GROMACS development team at
Uppsala University, Stockholm University and
the Royal Institute of Technology, Sweden.
check out http://www.gromacs.org for more information.

GROMACS is free software; you can redistribute it and/or modify it
under the terms of the GNU Lesser General Public License
as published by the Free Software Foundation; either version 2.1
of the License, or (at your option) any later version.

GROMACS:      gmx mdrun, version 2020.1-Ubuntu-2020.1-1
Executable:   /usr/bin/gmx
Data prefix:  /usr
Working dir:  /home/runner/work/md-run/md-run
Process ID:   3310
Command line:
  gmx mdrun -deffnm full_md

GROMACS version:    2020.1-Ubuntu-2020.1-1
Precision:          single
Memory model:       64 bit
MPI library:        thread_mpi
OpenMP support:     enabled (GMX_OPENMP_MAX_THREADS = 64)
GPU support:        disabled
SIMD instructions:  SSE2
FFT library:        fftw-3.3.8-sse2-avx
RDTSCP usage:       disabled
TNG support:        enabled
Hwloc support:      hwloc-2.1.0
Tracing support:    disabled
C compiler:         /usr/bin/cc GNU 9.3.0
C compiler flags:   -msse2 -fexcess-precision=fast -funroll-all-loops
C++ compiler:       /usr/bin/c++ GNU 9.3.0
C++ compiler flags: -msse2 -fexcess-precision=fast -funroll-all-loops -fopenmp


Running on 1 node with total 2 cores, 2 logical cores
Hardware detected:
  CPU info:
    Vendor: Intel
    Brand:  Intel(R) Xeon(R) Platinum 8171M CPU @ 2.60GHz
    Family: 6   Model: 85   Stepping: 4
    Features: aes apic avx avx2 avx512f avx512cd avx512bw avx512vl clfsh cmov cx8 cx16 f16c fma hle intel lahf mmx msr pcid pclmuldq pdpe1gb popcnt pse rdrnd rdtscp rtm sse2 sse3 sse4.1 sse4.2 ssse3
    Number of AVX-512 FMA units: Cannot run AVX-512 detection - assuming 2
  Hardware topology: Full, with devices
    Sockets, cores, and logical processors:
      Socket  0: [   0] [   1]
    Numa nodes:
      Node  0 (7292186624 bytes mem):   0   1
      Latency:
               0
         0  1.00
    Caches:
      L1: 32768 bytes, linesize 64 bytes, assoc. 8, shared 1 ways
      L2: 1048576 bytes, linesize 64 bytes, assoc. 16, shared 1 ways
      L3: 37486592 bytes, linesize 64 bytes, assoc. 11, shared 2 ways
    PCI devices:
      0000:00:07.1  Id: 8086:7111  Class: 0x0101  Numa: 0
      0000:00:08.0  Id: 1414:5353  Class: 0x0300  Numa: 0

Highest SIMD level requested by all nodes in run: AVX_512
SIMD instructions selected at compile time:       SSE2
This program was compiled for different hardware than you are running on,
which could influence performance.
The current CPU can measure timings more accurately than the code in
gmx mdrun was configured to use. This might affect your simulation
speed as accurate timings are needed for load-balancing.
Please consider rebuilding gmx mdrun with the GMX_USE_RDTSCP=ON CMake option.

++++ PLEASE READ AND CITE THE FOLLOWING REFERENCE ++++
M. J. Abraham, T. Murtola, R. Schulz, S. Páll, J. C. Smith, B. Hess, E.
Lindahl
GROMACS: High performance molecular simulations through multi-level
parallelism from laptops to supercomputers
SoftwareX 1 (2015) pp. 19-25
-------- -------- --- Thank You --- -------- --------


++++ PLEASE READ AND CITE THE FOLLOWING REFERENCE ++++
S. Páll, M. J. Abraham, C. Kutzner, B. Hess, E. Lindahl
Tackling Exascale Software Challenges in Molecular Dynamics Simulations with
GROMACS
In S. Markidis & E. Laure (Eds.), Solving Software Challenges for Exascale 8759 (2015) pp. 3-27
-------- -------- --- Thank You --- -------- --------


++++ PLEASE READ AND CITE THE FOLLOWING REFERENCE ++++
S. Pronk, S. Páll, R. Schulz, P. Larsson, P. Bjelkmar, R. Apostolov, M. R.
Shirts, J. C. Smith, P. M. Kasson, D. van der Spoel, B. Hess, and E. Lindahl
GROMACS 4.5: a high-throughput and highly parallel open source molecular
simulation toolkit
Bioinformatics 29 (2013) pp. 845-54
-------- -------- --- Thank You --- -------- --------


++++ PLEASE READ AND CITE THE FOLLOWING REFERENCE ++++
B. Hess and C. Kutzner and D. van der Spoel and E. Lindahl
GROMACS 4: Algorithms for highly efficient, load-balanced, and scalable
molecular simulation
J. Chem. Theory Comput. 4 (2008) pp. 435-447
-------- -------- --- Thank You --- -------- --------


++++ PLEASE READ AND CITE THE FOLLOWING REFERENCE ++++
D. van der Spoel, E. Lindahl, B. Hess, G. Groenhof, A. E. Mark and H. J. C.
Berendsen
GROMACS: Fast, Flexible and Free
J. Comp. Chem. 26 (2005) pp. 1701-1719
-------- -------- --- Thank You --- -------- --------


++++ PLEASE READ AND CITE THE FOLLOWING REFERENCE ++++
E. Lindahl and B. Hess and D. van der Spoel
GROMACS 3.0: A package for molecular simulation and trajectory analysis
J. Mol. Mod. 7 (2001) pp. 306-317
-------- -------- --- Thank You --- -------- --------


++++ PLEASE READ AND CITE THE FOLLOWING REFERENCE ++++
H. J. C. Berendsen, D. van der Spoel and R. van Drunen
GROMACS: A message-passing parallel molecular dynamics implementation
Comp. Phys. Comm. 91 (1995) pp. 43-56
-------- -------- --- Thank You --- -------- --------

Input Parameters:
   integrator                     = md
   tinit                          = 0
   dt                             = 0.002
   nsteps                         = 50000
   init-step                      = 0
   simulation-part                = 1
   comm-mode                      = Linear
   nstcomm                        = 100
   bd-fric                        = 0
   ld-seed                        = 165650286
   emtol                          = 10
   emstep                         = 0.01
   niter                          = 20
   fcstep                         = 0
   nstcgsteep                     = 1000
   nbfgscorr                      = 10
   rtpi                           = 0.05
   nstxout                        = 0
   nstvout                        = 0
   nstfout                        = 0
   nstlog                         = 5000
   nstcalcenergy                  = 100
   nstenergy                      = 5000
   nstxout-compressed             = 5000
   compressed-x-precision         = 1000
   cutoff-scheme                  = Verlet
   nstlist                        = 10
   pbc                            = xyz
   periodic-molecules             = false
   verlet-buffer-tolerance        = 0.005
   rlist                          = 1
   coulombtype                    = PME
   coulomb-modifier               = Potential-shift
   rcoulomb-switch                = 0
   rcoulomb                       = 1
   epsilon-r                      = 1
   epsilon-rf                     = inf
   vdw-type                       = Cut-off
   vdw-modifier                   = Potential-shift
   rvdw-switch                    = 0
   rvdw                           = 1
   DispCorr                       = EnerPres
   table-extension                = 1
   fourierspacing                 = 0.16
   fourier-nx                     = 64
   fourier-ny                     = 64
   fourier-nz                     = 64
   pme-order                      = 4
   ewald-rtol                     = 1e-05
   ewald-rtol-lj                  = 0.001
   lj-pme-comb-rule               = Geometric
   ewald-geometry                 = 0
   epsilon-surface                = 0
   tcoupl                         = V-rescale
   nsttcouple                     = 10
   nh-chain-length                = 0
   print-nose-hoover-chain-variables = false
   pcoupl                         = Parrinello-Rahman
   pcoupltype                     = Isotropic
   nstpcouple                     = 10
   tau-p                          = 2
   compressibility (3x3):
      compressibility[    0]={ 4.50000e-05,  0.00000e+00,  0.00000e+00}
      compressibility[    1]={ 0.00000e+00,  4.50000e-05,  0.00000e+00}
      compressibility[    2]={ 0.00000e+00,  0.00000e+00,  4.50000e-05}
   ref-p (3x3):
      ref-p[    0]={ 1.00000e+00,  0.00000e+00,  0.00000e+00}
      ref-p[    1]={ 0.00000e+00,  1.00000e+00,  0.00000e+00}
      ref-p[    2]={ 0.00000e+00,  0.00000e+00,  1.00000e+00}
   refcoord-scaling               = No
   posres-com (3):
      posres-com[0]= 0.00000e+00
      posres-com[1]= 0.00000e+00
      posres-com[2]= 0.00000e+00
   posres-comB (3):
      posres-comB[0]= 0.00000e+00
      posres-comB[1]= 0.00000e+00
      posres-comB[2]= 0.00000e+00
   QMMM                           = false
   QMconstraints                  = 0
   QMMMscheme                     = 0
   MMChargeScaleFactor            = 1
qm-opts:
   ngQM                           = 0
   constraint-algorithm           = Lincs
   continuation                   = true
   Shake-SOR                      = false
   shake-tol                      = 0.0001
   lincs-order                    = 4
   lincs-iter                     = 1
   lincs-warnangle                = 30
   nwall                          = 0
   wall-type                      = 9-3
   wall-r-linpot                  = -1
   wall-atomtype[0]               = -1
   wall-atomtype[1]               = -1
   wall-density[0]                = 0
   wall-density[1]                = 0
   wall-ewald-zfac                = 3
   pull                           = false
   awh                            = false
   rotation                       = false
   interactiveMD                  = false
   disre                          = No
   disre-weighting                = Conservative
   disre-mixed                    = false
   dr-fc                          = 1000
   dr-tau                         = 0
   nstdisreout                    = 100
   orire-fc                       = 0
   orire-tau                      = 0
   nstorireout                    = 100
   free-energy                    = no
   cos-acceleration               = 0
   deform (3x3):
      deform[    0]={ 0.00000e+00,  0.00000e+00,  0.00000e+00}
      deform[    1]={ 0.00000e+00,  0.00000e+00,  0.00000e+00}
      deform[    2]={ 0.00000e+00,  0.00000e+00,  0.00000e+00}
   simulated-tempering            = false
   swapcoords                     = no
   userint1                       = 0
   userint2                       = 0
   userint3                       = 0
   userint4                       = 0
   userreal1                      = 0
   userreal2                      = 0
   userreal3                      = 0
   userreal4                      = 0
   applied-forces:
     electric-field:
       x:
         E0                       = 0
         omega                    = 0
         t0                       = 0
         sigma                    = 0
       y:
         E0                       = 0
         omega                    = 0
         t0                       = 0
         sigma                    = 0
       z:
         E0                       = 0
         omega                    = 0
         t0                       = 0
         sigma                    = 0
     density-guided-simulation:
       active                     = false
       group                      = protein
       similarity-measure         = inner-product
       atom-spreading-weight      = unity
       force-constant             = 1e+09
       gaussian-transform-spreading-width = 0.2
       gaussian-transform-spreading-range-in-multiples-of-width = 4
       reference-density-filename = reference.mrc
       nst                        = 1
       normalize-densities        = true
       adaptive-force-scaling     = false
       adaptive-force-scaling-time-constant = 4
grpopts:
   nrdf:     9753.78      122637
   ref-t:         300         300
   tau-t:         0.1         0.1
annealing:          No          No
annealing-npoints:           0           0
   acc:	           0           0           0
   nfreeze:           N           N           N
   energygrp-flags[  0]: 0

Changing nstlist from 10 to 50, rlist from 1 to 1.114


Using 1 MPI thread

Non-default thread affinity set, disabling internal thread affinity

Using 2 OpenMP threads 

System total charge: -0.000
Will do PME sum in reciprocal space for electrostatic interactions.

++++ PLEASE READ AND CITE THE FOLLOWING REFERENCE ++++
U. Essmann, L. Perera, M. L. Berkowitz, T. Darden, H. Lee and L. G. Pedersen 
A smooth particle mesh Ewald method
J. Chem. Phys. 103 (1995) pp. 8577-8592
-------- -------- --- Thank You --- -------- --------

Using a Gaussian width (1/beta) of 0.320163 nm for Ewald
Potential shift: LJ r^-12: -1.000e+00 r^-6: -1.000e+00, Ewald -1.000e-05
Initialized non-bonded Coulomb Ewald tables, spacing: 9.33e-04 size: 1073

Generated table with 1056 data points for 1-4 COUL.
Tabscale = 500 points/nm
Generated table with 1056 data points for 1-4 LJ6.
Tabscale = 500 points/nm
Generated table with 1056 data points for 1-4 LJ12.
Tabscale = 500 points/nm

Using SIMD 4x4 nonbonded short-range kernels

Using a dual 4x4 pair-list setup updated with dynamic pruning:
  outer list: updated every 50 steps, buffer 0.114 nm, rlist 1.114 nm
  inner list: updated every 12 steps, buffer 0.002 nm, rlist 1.002 nm
At tolerance 0.005 kJ/mol/ps per atom, equivalent classical 1x1 list would be:
  outer list: updated every 50 steps, buffer 0.243 nm, rlist 1.243 nm
  inner list: updated every 12 steps, buffer 0.047 nm, rlist 1.047 nm

Using full Lennard-Jones parameter combination matrix

Long Range LJ corr.: <C6> 3.5479e-04


Initializing LINear Constraint Solver

++++ PLEASE READ AND CITE THE FOLLOWING REFERENCE ++++
B. Hess and H. Bekker and H. J. C. Berendsen and J. G. E. M. Fraaije
LINCS: A Linear Constraint Solver for molecular simulations
J. Comp. Chem. 18 (1997) pp. 1463-1472
-------- -------- --- Thank You --- -------- --------

The number of constraints is 761

++++ PLEASE READ AND CITE THE FOLLOWING REFERENCE ++++
S. Miyamoto and P. A. Kollman
SETTLE: An Analytical Version of the SHAKE and RATTLE Algorithms for Rigid
Water Models
J. Comp. Chem. 13 (1992) pp. 952-962
-------- -------- --- Thank You --- -------- --------


++++ PLEASE READ AND CITE THE FOLLOWING REFERENCE ++++
G. Bussi, D. Donadio and M. Parrinello
Canonical sampling through velocity rescaling
J. Chem. Phys. 126 (2007) pp. 014101
-------- -------- --- Thank You --- -------- --------

There are: 64819 Atoms
Center of mass motion removal mode is Linear
We have the following groups for center of mass motion removal:
  0:  rest

Started mdrun on rank 0 Sun Oct 25 08:11:27 2020

           Step           Time
              0        0.00000

   Energies (kJ/mol)
        G96Bond       G96Angle    Proper Dih.  Improper Dih.          LJ-14
    3.88673e+03    5.68743e+03    2.45199e+03    1.68348e+03   -1.40853e+02
     Coulomb-14        LJ (SR)  Disper. corr.   Coulomb (SR)   Coul. recip.
    5.31714e+04    1.74412e+05   -9.38328e+03   -1.22693e+06    6.64629e+03
      Potential    Kinetic En.   Total Energy  Conserved En.    Temperature
   -9.88517e+05    1.70742e+05   -8.17776e+05   -8.17736e+05    3.10225e+02
 Pres. DC (bar) Pressure (bar)   Constr. rmsd
   -2.34724e+02    2.11687e+02    2.99168e-06

           Step           Time
           5000       10.00000

   Energies (kJ/mol)
        G96Bond       G96Angle    Proper Dih.  Improper Dih.          LJ-14
    3.78472e+03    5.71376e+03    2.50006e+03    1.60249e+03   -2.98120e+02
     Coulomb-14        LJ (SR)  Disper. corr.   Coulomb (SR)   Coul. recip.
    5.31038e+04    1.78294e+05   -9.41994e+03   -1.24396e+06    6.36950e+03
      Potential    Kinetic En.   Total Energy  Conserved En.    Temperature
   -1.00231e+06    1.65235e+05   -8.37079e+05   -8.17673e+05    3.00220e+02
 Pres. DC (bar) Pressure (bar)   Constr. rmsd
   -2.36560e+02   -1.19390e+02    2.86361e-06

           Step           Time
          10000       20.00000

   Energies (kJ/mol)
        G96Bond       G96Angle    Proper Dih.  Improper Dih.          LJ-14
    3.48624e+03    5.78464e+03    2.35619e+03    1.76707e+03   -1.85240e+02
     Coulomb-14        LJ (SR)  Disper. corr.   Coulomb (SR)   Coul. recip.
    5.29318e+04    1.78162e+05   -9.42368e+03   -1.24548e+06    6.23891e+03
      Potential    Kinetic En.   Total Energy  Conserved En.    Temperature
   -1.00437e+06    1.65491e+05   -8.38877e+05   -8.17662e+05    3.00684e+02
 Pres. DC (bar) Pressure (bar)   Constr. rmsd
   -2.36747e+02    5.10226e+01    3.13817e-06

           Step           Time
          15000       30.00000

   Energies (kJ/mol)
        G96Bond       G96Angle    Proper Dih.  Improper Dih.          LJ-14
    3.77251e+03    5.67734e+03    2.38208e+03    1.74241e+03   -1.43355e+02
     Coulomb-14        LJ (SR)  Disper. corr.   Coulomb (SR)   Coul. recip.
    5.28055e+04    1.77499e+05   -9.42556e+03   -1.24433e+06    6.25284e+03
      Potential    Kinetic En.   Total Energy  Conserved En.    Temperature
   -1.00376e+06    1.65597e+05   -8.38168e+05   -8.17596e+05    3.00877e+02
 Pres. DC (bar) Pressure (bar)   Constr. rmsd
   -2.36841e+02   -6.02249e+01    2.87338e-06

Writing checkpoint, step 15950 at Sun Oct 25 08:26:31 2020


           Step           Time
          20000       40.00000

   Energies (kJ/mol)
        G96Bond       G96Angle    Proper Dih.  Improper Dih.          LJ-14
    3.57844e+03    5.53127e+03    2.49926e+03    1.85751e+03   -2.52380e+02
     Coulomb-14        LJ (SR)  Disper. corr.   Coulomb (SR)   Coul. recip.
    5.30487e+04    1.79074e+05   -9.43478e+03   -1.24525e+06    6.36138e+03
      Potential    Kinetic En.   Total Energy  Conserved En.    Temperature
   -1.00299e+06    1.64691e+05   -8.38300e+05   -8.17565e+05    2.99231e+02
 Pres. DC (bar) Pressure (bar)   Constr. rmsd
   -2.37304e+02    8.25433e+01    2.81891e-06

           Step           Time
          25000       50.00000

   Energies (kJ/mol)
        G96Bond       G96Angle    Proper Dih.  Improper Dih.          LJ-14
    3.75171e+03    5.69522e+03    2.47933e+03    1.81712e+03   -3.26371e+02
     Coulomb-14        LJ (SR)  Disper. corr.   Coulomb (SR)   Coul. recip.
    5.29790e+04    1.78167e+05   -9.40805e+03   -1.24484e+06    6.30096e+03
      Potential    Kinetic En.   Total Energy  Conserved En.    Temperature
   -1.00338e+06    1.65877e+05   -8.37501e+05   -8.17490e+05    3.01387e+02
 Pres. DC (bar) Pressure (bar)   Constr. rmsd
   -2.35963e+02   -9.48130e+01    2.75689e-06

           Step           Time
          30000       60.00000

   Energies (kJ/mol)
        G96Bond       G96Angle    Proper Dih.  Improper Dih.          LJ-14
    3.77296e+03    5.78792e+03    2.35130e+03    1.65851e+03   -2.04993e+02
     Coulomb-14        LJ (SR)  Disper. corr.   Coulomb (SR)   Coul. recip.
    5.30507e+04    1.77284e+05   -9.38067e+03   -1.24274e+06    6.24591e+03
      Potential    Kinetic En.   Total Energy  Conserved En.    Temperature
   -1.00218e+06    1.63707e+05   -8.38471e+05   -8.17411e+05    2.97444e+02
 Pres. DC (bar) Pressure (bar)   Constr. rmsd
   -2.34593e+02   -1.66557e+02    2.52019e-06

Writing checkpoint, step 31900 at Sun Oct 25 08:41:30 2020


           Step           Time
          35000       70.00000

   Energies (kJ/mol)
        G96Bond       G96Angle    Proper Dih.  Improper Dih.          LJ-14
    3.68510e+03    5.60555e+03    2.44611e+03    1.71450e+03   -3.63534e+02
     Coulomb-14        LJ (SR)  Disper. corr.   Coulomb (SR)   Coul. recip.
    5.29841e+04    1.78667e+05   -9.40307e+03   -1.24495e+06    6.43358e+03
      Potential    Kinetic En.   Total Energy  Conserved En.    Temperature
   -1.00318e+06    1.65184e+05   -8.37992e+05   -8.17401e+05    3.00128e+02
 Pres. DC (bar) Pressure (bar)   Constr. rmsd
   -2.35714e+02    5.68542e+00    2.88914e-06

           Step           Time
          40000       80.00000

   Energies (kJ/mol)
        G96Bond       G96Angle    Proper Dih.  Improper Dih.          LJ-14
    3.78651e+03    5.64350e+03    2.35329e+03    1.76487e+03   -2.20284e+02
     Coulomb-14        LJ (SR)  Disper. corr.   Coulomb (SR)   Coul. recip.
    5.31405e+04    1.79118e+05   -9.42733e+03   -1.24455e+06    6.19995e+03
      Potential    Kinetic En.   Total Energy  Conserved En.    Temperature
   -1.00219e+06    1.64822e+05   -8.37368e+05   -8.17320e+05    2.99470e+02
 Pres. DC (bar) Pressure (bar)   Constr. rmsd
   -2.36930e+02    1.29500e+02    3.07120e-06

           Step           Time
          45000       90.00000

   Energies (kJ/mol)
        G96Bond       G96Angle    Proper Dih.  Improper Dih.          LJ-14
    3.74782e+03    5.88900e+03    2.44840e+03    1.76417e+03   -3.61743e+02
     Coulomb-14        LJ (SR)  Disper. corr.   Coulomb (SR)   Coul. recip.
    5.32183e+04    1.76798e+05   -9.38034e+03   -1.24238e+06    6.31039e+03
      Potential    Kinetic En.   Total Energy  Conserved En.    Temperature
   -1.00195e+06    1.66703e+05   -8.35243e+05   -8.17298e+05    3.02887e+02
 Pres. DC (bar) Pressure (bar)   Constr. rmsd
   -2.34577e+02   -1.63943e+02    2.91404e-06

Writing checkpoint, step 47850 at Sun Oct 25 08:56:30 2020


           Step           Time
          50000      100.00000

Writing checkpoint, step 50000 at Sun Oct 25 08:58:31 2020


   Energies (kJ/mol)
        G96Bond       G96Angle    Proper Dih.  Improper Dih.          LJ-14
    3.69995e+03    6.08041e+03    2.26883e+03    1.88680e+03   -3.63345e+02
     Coulomb-14        LJ (SR)  Disper. corr.   Coulomb (SR)   Coul. recip.
    5.31129e+04    1.78316e+05   -9.43263e+03   -1.24391e+06    6.22744e+03
      Potential    Kinetic En.   Total Energy  Conserved En.    Temperature
   -1.00211e+06    1.66546e+05   -8.35563e+05   -8.17279e+05    3.02602e+02
 Pres. DC (bar) Pressure (bar)   Constr. rmsd
   -2.37196e+02    8.25942e+01    2.82620e-06


	<======  ###############  ==>
	<====  A V E R A G E S  ====>
	<==  ###############  ======>

	Statistics over 50001 steps using 501 frames

   Energies (kJ/mol)
        G96Bond       G96Angle    Proper Dih.  Improper Dih.          LJ-14
    3.71776e+03    5.69918e+03    2.43738e+03    1.74815e+03   -2.70357e+02
     Coulomb-14        LJ (SR)  Disper. corr.   Coulomb (SR)   Coul. recip.
    5.30443e+04    1.78607e+05   -9.41607e+03   -1.24486e+06    6.25806e+03
      Potential    Kinetic En.   Total Energy  Conserved En.    Temperature
   -1.00304e+06    1.65154e+05   -8.37882e+05   -8.17493e+05    3.00072e+02
 Pres. DC (bar) Pressure (bar)   Constr. rmsd
   -2.36366e+02   -2.36508e+00    0.00000e+00

          Box-X          Box-Y          Box-Z
    9.78424e+00    9.78424e+00    6.91850e+00

   Total Virial (kJ/mol)
    5.53278e+04   -2.22661e+02   -1.05267e+02
   -2.24325e+02    5.50111e+04    1.32317e+02
   -1.05384e+02    1.31837e+02    5.49610e+04

   Pressure (bar)
   -1.35773e+01    8.97017e+00    5.18542e+00
    9.05351e+00    2.64289e+00   -6.00073e+00
    5.19129e+00   -5.97662e+00    3.83912e+00

      T-Protein  T-non-Protein
    3.00207e+02    3.00061e+02


	M E G A - F L O P S   A C C O U N T I N G

 NB=Group-cutoff nonbonded kernels    NxN=N-by-N cluster Verlet kernels
 RF=Reaction-Field  VdW=Van der Waals  QSTab=quadratic-spline table
 W3=SPC/TIP3p  W4=TIP4p (single or pairs)
 V&F=Potential and force  V=Potential only  F=Force only

 Computing:                               M-Number         M-Flops  % Flops
-----------------------------------------------------------------------------
 Pair Search distance check           21706.046978      195354.423     0.3
 NxN QSTab Elec. + LJ [F]            833308.175640    34165635.201    50.8
 NxN QSTab Elec. + LJ [V&F]            8434.402688      497629.759     0.7
 NxN LJ [F]                            1944.679872       64174.436     0.1
 NxN LJ [V&F]                            19.735600         848.631     0.0
 NxN QSTab Elec. [F]                 757219.952056    25745478.370    38.3
 NxN QSTab Elec. [V&F]                 7663.872160      314218.759     0.5
 1,4 nonbonded interactions             287.205744       25848.517     0.0
 Calc Weights                          9723.044457      350029.600     0.5
 Spread Q Bspline                    207424.948416      414849.897     0.6
 Gather F Bspline                    207424.948416     1244549.690     1.8
 3D-FFT                              471868.637184     3774949.097     5.6
 Solve PME                              204.804096       13107.462     0.0
 Shift-X                                 64.883819         389.303     0.0
 Bonds                                  140.052801        8263.115     0.0
 Angles                                 260.755215       43806.876     0.1
 Propers                                 92.701854       21228.725     0.0
 Impropers                               88.651773       18439.569     0.0
 Virial                                 324.384864        5838.928     0.0
 Stop-CM                                 32.474319         324.743     0.0
 Calc-Ekin                              648.319638       17504.630     0.0
 Lincs                                   38.050761        2283.046     0.0
 Lincs-Mat                               76.801536         307.206     0.0
 Constraint-V                          3141.262824       25130.103     0.0
 Constraint-Vir                         310.377063        7449.050     0.0
 Settle                                1021.720434      330015.700     0.5
-----------------------------------------------------------------------------
 Total                                                67287654.835   100.0
-----------------------------------------------------------------------------


     R E A L   C Y C L E   A N D   T I M E   A C C O U N T I N G

On 1 MPI rank, each using 2 OpenMP threads

 Computing:          Num   Num      Call    Wall time         Giga-Cycles
                     Ranks Threads  Count      (s)         total sum    %
-----------------------------------------------------------------------------
 Neighbor search        1    2       1001      72.905        305.480   2.6
 Force                  1    2      50001    2314.729       9698.940  82.0
 PME mesh               1    2      50001     376.207       1576.343  13.3
 NB X/F buffer ops.     1    2      99001      17.006         71.258   0.6
 Write traj.            1    2         14       0.266          1.114   0.0
 Update                 1    2      50001       9.743         40.823   0.3
 Constraints            1    2      50001      28.522        119.511   1.0
 Rest                                           5.052         21.169   0.2
-----------------------------------------------------------------------------
 Total                                       2824.430      11834.639 100.0
-----------------------------------------------------------------------------
 Breakdown of PME mesh computation
-----------------------------------------------------------------------------
 PME spread             1    2      50001     122.347        512.648   4.3
 PME gather             1    2      50001     154.576        647.688   5.5
 PME 3D-FFT             1    2     100002      81.804        342.765   2.9
 PME solve Elec         1    2      50001      17.294         72.465   0.6
-----------------------------------------------------------------------------

               Core t (s)   Wall t (s)        (%)
       Time:     5648.860     2824.430      200.0
                         47:04
                 (ns/day)    (hour/ns)
Performance:        3.059        7.845
Finished mdrun on rank 0 Sun Oct 25 08:58:32 2020

